#
# There is insufficient memory for the Java Runtime Environment to continue.
# Native memory allocation (malloc) failed to allocate 728176 bytes for Chunk::new
# Possible reasons:
#   The system is out of physical RAM or swap space
#   In 32 bit mode, the process size limit was hit
# Possible solutions:
#   Reduce memory load on the system
#   Increase physical memory or swap space
#   Check if swap backing store is full
#   Use 64 bit Java on a 64 bit OS
#   Decrease Java heap size (-Xmx/-Xms)
#   Decrease number of Java threads
#   Decrease Java thread stack sizes (-Xss)
#   Set larger code cache with -XX:ReservedCodeCacheSize=
# This output file may be truncated or incomplete.
#
#  Out of Memory Error (allocation.cpp:390), pid=24608, tid=0x000000000000692c
#
# JRE version: Java(TM) SE Runtime Environment (8.0_131-b11) (build 1.8.0_131-b11)
# Java VM: Java HotSpot(TM) 64-Bit Server VM (25.131-b11 mixed mode windows-amd64 compressed oops)
# Failed to write core dump. Minidumps are not enabled by default on client versions of Windows
#

---------------  T H R E A D  ---------------

Current thread (0x000000001a0a4000):  JavaThread "C2 CompilerThread2" daemon [_thread_in_native, id=26924, stack(0x000000001a910000,0x000000001aa10000)]

Stack: [0x000000001a910000,0x000000001aa10000]
[error occurred during error reporting (printing stack bounds), id 0xc0000005]

Native frames: (J=compiled Java code, j=interpreted, Vv=VM code, C=native code)


Current CompileTask:
C2:  61130 5006       4       org.springframework.core.annotation.AnnotationsScanner::processMethodAnnotations (104 bytes)


---------------  P R O C E S S  ---------------

Java Threads: ( => current thread )
  0x000000001b4de800 JavaThread "task-2" [_thread_blocked, id=8520, stack(0x00000000248e0000,0x00000000249e0000)]
  0x000000001b4d8800 JavaThread "HikariPool-1 connection adder" daemon [_thread_blocked, id=1728, stack(0x0000000023fe0000,0x00000000240e0000)]
  0x000000001b4dc800 JavaThread "HikariPool-1 housekeeper" daemon [_thread_blocked, id=15672, stack(0x0000000022690000,0x0000000022790000)]
  0x000000001b4de000 JavaThread "task-1" [_thread_blocked, id=2000, stack(0x000000001fe90000,0x000000001ff90000)]
  0x000000001b4dd000 JavaThread "mysql-cj-abandoned-connection-cleanup" daemon [_thread_blocked, id=13656, stack(0x000000001e960000,0x000000001ea60000)]
  0x000000001a2f7800 JavaThread "surefire-forkedjvm-ping-30s" daemon [_thread_in_native, id=24540, stack(0x000000001ae10000,0x000000001af10000)]
  0x000000001a1eb800 JavaThread "surefire-forkedjvm-command-thread" daemon [_thread_in_native, id=6264, stack(0x000000001ad10000,0x000000001ae10000)]
  0x000000001a0b0800 JavaThread "Service Thread" daemon [_thread_blocked, id=16816, stack(0x000000001ab10000,0x000000001ac10000)]
  0x000000001a0aa000 JavaThread "C1 CompilerThread3" daemon [_thread_blocked, id=11548, stack(0x000000001aa10000,0x000000001ab10000)]
=>0x000000001a0a4000 JavaThread "C2 CompilerThread2" daemon [_thread_in_native, id=26924, stack(0x000000001a910000,0x000000001aa10000)]
  0x000000001a0a2000 JavaThread "C2 CompilerThread1" daemon [_thread_blocked, id=25120, stack(0x000000001a810000,0x000000001a910000)]
  0x000000001813d800 JavaThread "C2 CompilerThread0" daemon [_thread_in_native, id=25284, stack(0x000000001a710000,0x000000001a810000)]
  0x000000001813b000 JavaThread "Attach Listener" daemon [_thread_blocked, id=6664, stack(0x000000001a610000,0x000000001a710000)]
  0x000000001a0a0800 JavaThread "Signal Dispatcher" daemon [_thread_blocked, id=24740, stack(0x000000001a510000,0x000000001a610000)]
  0x00000000031bd800 JavaThread "Finalizer" daemon [_thread_blocked, id=23420, stack(0x000000001a410000,0x000000001a510000)]
  0x00000000031b7000 JavaThread "Reference Handler" daemon [_thread_blocked, id=19272, stack(0x0000000019f10000,0x000000001a010000)]
  0x00000000030c1800 JavaThread "main" [_thread_in_native, id=24120, stack(0x0000000002fc0000,0x00000000030c0000)]

Other Threads:
  0x0000000018129000 VMThread [stack: 0x0000000019e10000,0x0000000019f10000] [id=16692]
  0x000000001a0b3000 WatcherThread [stack: 0x000000001ac10000,0x000000001ad10000] [id=1032]

VM state:not at safepoint (normal execution)

VM Mutex/Monitor currently owned by a thread: None

Heap:
 PSYoungGen      total 376832K, used 98728K [0x00000000d5f80000, 0x00000000ee600000, 0x0000000100000000)
  eden space 363520K, 23% used [0x00000000d5f80000,0x00000000db2f1378,0x00000000ec280000)
  from space 13312K, 99% used [0x00000000ed900000,0x00000000ee5f8ca8,0x00000000ee600000)
  to   space 17408K, 0% used [0x00000000ec400000,0x00000000ec400000,0x00000000ed500000)
 ParOldGen       total 71168K, used 18616K [0x0000000081e00000, 0x0000000086380000, 0x00000000d5f80000)
  object space 71168K, 26% used [0x0000000081e00000,0x000000008302e230,0x0000000086380000)
 Metaspace       used 54159K, capacity 57488K, committed 57728K, reserved 1099776K
  class space    used 7394K, capacity 7940K, committed 8064K, reserved 1048576K

Card table byte_map: [0x0000000012580000,0x0000000012980000] byte_map_base: 0x0000000012171000

Marking Bits: (ParMarkBitMap*) 0x000000005688c720
 Begin Bits: [0x0000000013430000, 0x00000000153b8000)
 End Bits:   [0x00000000153b8000, 0x0000000017340000)

Polling page: 0x0000000000e10000

CodeCache: size=245760Kb used=15505Kb max_used=16724Kb free=230254Kb
 bounds [0x00000000031c0000, 0x0000000004230000, 0x00000000121c0000]
 total_blobs=4877 nmethods=4327 adapters=461
 compilation: enabled

Compilation events (10 events):
Event: 60.883 Thread 0x000000001a0aa000 5004   !   3       java.util.concurrent.ConcurrentHashMap::initTable (115 bytes)
Event: 60.884 Thread 0x000000001a0aa000 nmethod 5004 0x0000000003457ad0 code [0x0000000003457c60, 0x00000000034581a8]
Event: 60.962 Thread 0x000000001a0aa000 5005       3       java.util.HashMap$KeySpliterator::tryAdvance (138 bytes)
Event: 60.963 Thread 0x000000001a0aa000 nmethod 5005 0x00000000034dc690 code [0x00000000034dc860, 0x00000000034dcf98]
Event: 61.042 Thread 0x000000001a0a4000 5006       4       org.springframework.core.annotation.AnnotationsScanner::processMethodAnnotations (104 bytes)
Event: 61.052 Thread 0x000000001a0aa000 5007       3       java.util.Spliterators$ArraySpliterator::forEachRemaining (68 bytes)
Event: 61.052 Thread 0x000000001a0aa000 nmethod 5007 0x0000000003552610 code [0x00000000035527a0, 0x0000000003552c38]
Event: 61.074 Thread 0x000000001a0aa000 5008       3       java.util.Spliterators$IteratorSpliterator::tryAdvance (77 bytes)
Event: 61.074 Thread 0x000000001a0aa000 nmethod 5008 0x0000000003f55190 code [0x0000000003f55360, 0x0000000003f55a38]
Event: 61.081 Thread 0x000000001813d800 5009   !   4       java.util.concurrent.ConcurrentHashMap::transfer (832 bytes)

GC Heap History (10 events):
Event: 27.615 GC heap before
{Heap before GC invocations=6 (full 1):
 PSYoungGen      total 121856K, used 121594K [0x00000000d5f80000, 0x00000000dea80000, 0x0000000100000000)
  eden space 117760K, 100% used [0x00000000d5f80000,0x00000000dd280000,0x00000000dd280000)
  from space 4096K, 93% used [0x00000000de680000,0x00000000dea3e9b8,0x00000000dea80000)
  to   space 5120K, 0% used [0x00000000de080000,0x00000000de080000,0x00000000de580000)
 ParOldGen       total 61952K, used 9973K [0x0000000081e00000, 0x0000000085a80000, 0x00000000d5f80000)
  object space 61952K, 16% used [0x0000000081e00000,0x00000000827bd578,0x0000000085a80000)
 Metaspace       used 23919K, capacity 25466K, committed 25728K, reserved 1071104K
  class space    used 3086K, capacity 3395K, committed 3456K, reserved 1048576K
Event: 27.745 GC heap after
Heap after GC invocations=6 (full 1):
 PSYoungGen      total 137216K, used 4188K [0x00000000d5f80000, 0x00000000e3a00000, 0x0000000100000000)
  eden space 132096K, 0% used [0x00000000d5f80000,0x00000000d5f80000,0x00000000de080000)
  from space 5120K, 81% used [0x00000000de080000,0x00000000de497108,0x00000000de580000)
  to   space 10752K, 0% used [0x00000000e2f80000,0x00000000e2f80000,0x00000000e3a00000)
 ParOldGen       total 61952K, used 9981K [0x0000000081e00000, 0x0000000085a80000, 0x00000000d5f80000)
  object space 61952K, 16% used [0x0000000081e00000,0x00000000827bf578,0x0000000085a80000)
 Metaspace       used 23919K, capacity 25466K, committed 25728K, reserved 1071104K
  class space    used 3086K, capacity 3395K, committed 3456K, reserved 1048576K
}
Event: 40.617 GC heap before
{Heap before GC invocations=7 (full 1):
 PSYoungGen      total 137216K, used 136284K [0x00000000d5f80000, 0x00000000e3a00000, 0x0000000100000000)
  eden space 132096K, 100% used [0x00000000d5f80000,0x00000000de080000,0x00000000de080000)
  from space 5120K, 81% used [0x00000000de080000,0x00000000de497108,0x00000000de580000)
  to   space 10752K, 0% used [0x00000000e2f80000,0x00000000e2f80000,0x00000000e3a00000)
 ParOldGen       total 61952K, used 9981K [0x0000000081e00000, 0x0000000085a80000, 0x00000000d5f80000)
  object space 61952K, 16% used [0x0000000081e00000,0x00000000827bf578,0x0000000085a80000)
 Metaspace       used 30106K, capacity 32072K, committed 32256K, reserved 1077248K
  class space    used 3945K, capacity 4290K, committed 4352K, reserved 1048576K
Event: 40.681 GC heap after
Heap after GC invocations=7 (full 1):
 PSYoungGen      total 210944K, used 10570K [0x00000000d5f80000, 0x00000000e4f00000, 0x0000000100000000)
  eden space 200192K, 0% used [0x00000000d5f80000,0x00000000d5f80000,0x00000000e2300000)
  from space 10752K, 98% used [0x00000000e2f80000,0x00000000e39d2a28,0x00000000e3a00000)
  to   space 12800K, 0% used [0x00000000e2300000,0x00000000e2300000,0x00000000e2f80000)
 ParOldGen       total 61952K, used 9989K [0x0000000081e00000, 0x0000000085a80000, 0x00000000d5f80000)
  object space 61952K, 16% used [0x0000000081e00000,0x00000000827c1578,0x0000000085a80000)
 Metaspace       used 30106K, capacity 32072K, committed 32256K, reserved 1077248K
  class space    used 3945K, capacity 4290K, committed 4352K, reserved 1048576K
}
Event: 42.252 GC heap before
{Heap before GC invocations=8 (full 1):
 PSYoungGen      total 210944K, used 49510K [0x00000000d5f80000, 0x00000000e4f00000, 0x0000000100000000)
  eden space 200192K, 19% used [0x00000000d5f80000,0x00000000d8586e98,0x00000000e2300000)
  from space 10752K, 98% used [0x00000000e2f80000,0x00000000e39d2a28,0x00000000e3a00000)
  to   space 12800K, 0% used [0x00000000e2300000,0x00000000e2300000,0x00000000e2f80000)
 ParOldGen       total 61952K, used 9989K [0x0000000081e00000, 0x0000000085a80000, 0x00000000d5f80000)
  object space 61952K, 16% used [0x0000000081e00000,0x00000000827c1578,0x0000000085a80000)
 Metaspace       used 33219K, capacity 35360K, committed 35416K, reserved 1079296K
  class space    used 4417K, capacity 4808K, committed 4864K, reserved 1048576K
Event: 43.022 GC heap after
Heap after GC invocations=8 (full 1):
 PSYoungGen      total 212992K, used 9349K [0x00000000d5f80000, 0x00000000ee600000, 0x0000000100000000)
  eden space 200192K, 0% used [0x00000000d5f80000,0x00000000d5f80000,0x00000000e2300000)
  from space 12800K, 73% used [0x00000000e2300000,0x00000000e2c214a0,0x00000000e2f80000)
  to   space 13312K, 0% used [0x00000000ed900000,0x00000000ed900000,0x00000000ee600000)
 ParOldGen       total 61952K, used 9997K [0x0000000081e00000, 0x0000000085a80000, 0x00000000d5f80000)
  object space 61952K, 16% used [0x0000000081e00000,0x00000000827c3578,0x0000000085a80000)
 Metaspace       used 33219K, capacity 35360K, committed 35416K, reserved 1079296K
  class space    used 4417K, capacity 4808K, committed 4864K, reserved 1048576K
}
Event: 43.022 GC heap before
{Heap before GC invocations=9 (full 2):
 PSYoungGen      total 212992K, used 9349K [0x00000000d5f80000, 0x00000000ee600000, 0x0000000100000000)
  eden space 200192K, 0% used [0x00000000d5f80000,0x00000000d5f80000,0x00000000e2300000)
  from space 12800K, 73% used [0x00000000e2300000,0x00000000e2c214a0,0x00000000e2f80000)
  to   space 13312K, 0% used [0x00000000ed900000,0x00000000ed900000,0x00000000ee600000)
 ParOldGen       total 61952K, used 9997K [0x0000000081e00000, 0x0000000085a80000, 0x00000000d5f80000)
  object space 61952K, 16% used [0x0000000081e00000,0x00000000827c3578,0x0000000085a80000)
 Metaspace       used 33219K, capacity 35360K, committed 35416K, reserved 1079296K
  class space    used 4417K, capacity 4808K, committed 4864K, reserved 1048576K
Event: 43.736 GC heap after
Heap after GC invocations=9 (full 2):
 PSYoungGen      total 212992K, used 0K [0x00000000d5f80000, 0x00000000ee600000, 0x0000000100000000)
  eden space 200192K, 0% used [0x00000000d5f80000,0x00000000d5f80000,0x00000000e2300000)
  from space 12800K, 0% used [0x00000000e2300000,0x00000000e2300000,0x00000000e2f80000)
  to   space 13312K, 0% used [0x00000000ed900000,0x00000000ed900000,0x00000000ee600000)
 ParOldGen       total 71168K, used 13355K [0x0000000081e00000, 0x0000000086380000, 0x00000000d5f80000)
  object space 71168K, 18% used [0x0000000081e00000,0x0000000082b0ae20,0x0000000086380000)
 Metaspace       used 33219K, capacity 35360K, committed 35416K, reserved 1079296K
  class space    used 4417K, capacity 4808K, committed 4864K, reserved 1048576K
}
Event: 58.113 GC heap before
{Heap before GC invocations=10 (full 2):
 PSYoungGen      total 212992K, used 200192K [0x00000000d5f80000, 0x00000000ee600000, 0x0000000100000000)
  eden space 200192K, 100% used [0x00000000d5f80000,0x00000000e2300000,0x00000000e2300000)
  from space 12800K, 0% used [0x00000000e2300000,0x00000000e2300000,0x00000000e2f80000)
  to   space 13312K, 0% used [0x00000000ed900000,0x00000000ed900000,0x00000000ee600000)
 ParOldGen       total 71168K, used 13355K [0x0000000081e00000, 0x0000000086380000, 0x00000000d5f80000)
  object space 71168K, 18% used [0x0000000081e00000,0x0000000082b0ae20,0x0000000086380000)
 Metaspace       used 45249K, capacity 48084K, committed 48384K, reserved 1091584K
  class space    used 6057K, capacity 6544K, committed 6656K, reserved 1048576K
Event: 58.150 GC heap after
Heap after GC invocations=10 (full 2):
 PSYoungGen      total 376832K, used 13283K [0x00000000d5f80000, 0x00000000ee600000, 0x0000000100000000)
  eden space 363520K, 0% used [0x00000000d5f80000,0x00000000d5f80000,0x00000000ec280000)
  from space 13312K, 99% used [0x00000000ed900000,0x00000000ee5f8ca8,0x00000000ee600000)
  to   space 17408K, 0% used [0x00000000ec400000,0x00000000ec400000,0x00000000ed500000)
 ParOldGen       total 71168K, used 18616K [0x0000000081e00000, 0x0000000086380000, 0x00000000d5f80000)
  object space 71168K, 26% used [0x0000000081e00000,0x000000008302e230,0x0000000086380000)
 Metaspace       used 45249K, capacity 48084K, committed 48384K, reserved 1091584K
  class space    used 6057K, capacity 6544K, committed 6656K, reserved 1048576K
}

Deoptimization events (10 events):
Event: 58.257 Thread 0x000000001b4de000 Uncommon trap: reason=null_check action=make_not_entrant pc=0x00000000036cd4e0 method=java.lang.Class.createAnnotationData(I)Ljava/lang/Class$AnnotationData; @ 14
Event: 58.606 Thread 0x000000001b4de000 Uncommon trap: reason=unstable_if action=reinterpret pc=0x00000000034aba04 method=java.lang.Class$MethodArray.addIfNotPresent(Ljava/lang/reflect/Method;)V @ 19
Event: 59.229 Thread 0x000000001b4de000 Uncommon trap: reason=unstable_if action=reinterpret pc=0x0000000003b8792c method=java.util.HashMap$HashIterator.<init>(Ljava/util/HashMap;)V @ 45
Event: 59.296 Thread 0x000000001b4de000 Uncommon trap: reason=unstable_if action=reinterpret pc=0x0000000003aa90c4 method=java.util.HashMap$HashIterator.<init>(Ljava/util/HashMap;)V @ 45
Event: 59.587 Thread 0x000000001b4de000 Uncommon trap: reason=class_check action=maybe_recompile pc=0x0000000003602810 method=java.util.regex.Pattern$SliceI.match(Ljava/util/regex/Matcher;ILjava/lang/CharSequence;)Z @ 92
Event: 59.587 Thread 0x000000001b4de000 Uncommon trap: reason=class_check action=maybe_recompile pc=0x0000000003602810 method=java.util.regex.Pattern$SliceI.match(Ljava/util/regex/Matcher;ILjava/lang/CharSequence;)Z @ 92
Event: 59.605 Thread 0x000000001b4de000 Uncommon trap: reason=class_check action=maybe_recompile pc=0x0000000003602810 method=java.util.regex.Pattern$SliceI.match(Ljava/util/regex/Matcher;ILjava/lang/CharSequence;)Z @ 92
Event: 60.127 Thread 0x00000000030c1800 Uncommon trap: reason=class_check action=maybe_recompile pc=0x0000000003eb49b0 method=org.springframework.core.ResolvableType.resolveType()Lorg/springframework/core/ResolvableType; @ 131
Event: 60.578 Thread 0x00000000030c1800 Uncommon trap: reason=unstable_if action=reinterpret pc=0x0000000003a230f8 method=org.springframework.util.ConcurrentReferenceHashMap$Segment.restructureIfNecessary(Z)V @ 41
Event: 60.641 Thread 0x00000000030c1800 Uncommon trap: reason=unstable_if action=reinterpret pc=0x0000000003b5ca78 method=org.springframework.util.ConcurrentReferenceHashMap$Segment.restructureIfNecessary(Z)V @ 41

Internal exceptions (10 events):
Event: 60.732 Thread 0x00000000030c1800 Exception <a 'java/lang/NoSuchMethodError': java.lang.Object.empty()Ljava/util/stream/Stream;> (0x00000000dadb56b8) thrown at [C:\re\workspace\8-2-build-windows-amd64-cygwin\jdk8u131\8869\hotspot\src\share\vm\interpreter\linkResolver.cpp, line 582]
Event: 60.734 Thread 0x00000000030c1800 Exception <a 'java/lang/NoSuchMethodError': java.lang.Object.fromNullable(Ljava/lang/Object;)Ljava/util/stream/Stream;> (0x00000000dadc4ab8) thrown at [C:\re\workspace\8-2-build-windows-amd64-cygwin\jdk8u131\8869\hotspot\src\share\vm\interpreter\linkResol
Event: 60.824 Thread 0x00000000030c1800 Exception <a 'java/lang/ClassNotFoundException': java/lang/ObjectCustomizer> (0x00000000dae34940) thrown at [C:\re\workspace\8-2-build-windows-amd64-cygwin\jdk8u131\8869\hotspot\src\share\vm\classfile\systemDictionary.cpp, line 210]
Event: 60.828 Thread 0x00000000030c1800 Exception <a 'java/lang/ClassNotFoundException': com/group24/demo/entity/UserCustomizer> (0x00000000dae4c5c8) thrown at [C:\re\workspace\8-2-build-windows-amd64-cygwin\jdk8u131\8869\hotspot\src\share\vm\classfile\systemDictionary.cpp, line 210]
Event: 60.856 Thread 0x00000000030c1800 Exception <a 'java/lang/ClassNotFoundException': java/lang/ObjectCustomizer> (0x00000000daeb9d28) thrown at [C:\re\workspace\8-2-build-windows-amd64-cygwin\jdk8u131\8869\hotspot\src\share\vm\classfile\systemDictionary.cpp, line 210]
Event: 60.856 Thread 0x00000000030c1800 Exception <a 'java/lang/ClassNotFoundException': com/group24/demo/entity/BlogCustomizer> (0x00000000daed19b0) thrown at [C:\re\workspace\8-2-build-windows-amd64-cygwin\jdk8u131\8869\hotspot\src\share\vm\classfile\systemDictionary.cpp, line 210]
Event: 61.050 Thread 0x00000000030c1800 Exception <a 'java/lang/NoSuchMethodError': java.lang.Object.lambda$direct$0(Lorg/springframework/data/repository/core/support/MethodLookup$InvokedMethod;Ljava/lang/reflect/Method;)Z> (0x00000000dafa2c38) thrown at [C:\re\workspace\8-2-build-windows-amd64
Event: 61.051 Thread 0x00000000030c1800 Exception <a 'java/lang/NoSuchMethodError': java.lang.Object.lambda$direct$1(Lorg/springframework/data/repository/core/support/MethodLookup$MethodPredicate;)Ljava/util/List;> (0x00000000dafa5f68) thrown at [C:\re\workspace\8-2-build-windows-amd64-cygwin\j
Event: 61.061 Thread 0x00000000030c1800 Exception <a 'java/lang/NoSuchMethodError': java.lang.Object.lambda$and$0(Lorg/springframework/data/repository/core/support/MethodLookup;)Ljava/util/List;> (0x00000000dafbd2c0) thrown at [C:\re\workspace\8-2-build-windows-amd64-cygwin\jdk8u131\8869\hotspo
Event: 61.073 Thread 0x00000000030c1800 Exception <a 'java/lang/IncompatibleClassChangeError': Found class java.lang.Object, but interface was expected> (0x00000000db050430) thrown at [C:\re\workspace\8-2-build-windows-amd64-cygwin\jdk8u131\8869\hotspot\src\share\vm\interpreter\linkResolver.cpp

Events (10 events):
Event: 61.081 Thread 0x00000000030c1800 DEOPT PACKING pc=0x0000000003e278cc sp=0x00000000030b8710
Event: 61.081 Thread 0x00000000030c1800 DEOPT UNPACKING pc=0x000000000320787f sp=0x00000000030b8478 mode 0
Event: 61.082 loading class javax/persistence/NoResultException
Event: 61.082 loading class javax/persistence/NoResultException done
Event: 61.083 loading class org/springframework/data/jpa/repository/support/QueryHints
Event: 61.083 loading class org/springframework/data/jpa/repository/support/QueryHints done
Event: 61.085 loading class org/springframework/data/jpa/repository/support/CrudMethodMetadata
Event: 61.085 loading class org/springframework/data/jpa/repository/support/CrudMethodMetadata done
Event: 61.108 loading class org/springframework/data/jpa/repository/support/CrudMethodMetadataPostProcessor$ThreadBoundTargetSource
Event: 61.108 loading class org/springframework/data/jpa/repository/support/CrudMethodMetadataPostProcessor$ThreadBoundTargetSource done


Dynamic libraries:
0x00007ff621ad0000 - 0x00007ff621b07000 	C:\Program Files\Java\jdk1.8.0_131\jre\bin\java.exe
0x00007ffe05f20000 - 0x00007ffe06110000 	C:\WINDOWS\SYSTEM32\ntdll.dll
0x00007ffe04f70000 - 0x00007ffe05022000 	C:\WINDOWS\System32\KERNEL32.DLL
0x00007ffe03030000 - 0x00007ffe032d4000 	C:\WINDOWS\System32\KERNELBASE.dll
0x00007ffe04770000 - 0x00007ffe04813000 	C:\WINDOWS\System32\ADVAPI32.dll
0x00007ffe05a40000 - 0x00007ffe05ade000 	C:\WINDOWS\System32\msvcrt.dll
0x00007ffe043b0000 - 0x00007ffe04447000 	C:\WINDOWS\System32\sechost.dll
0x00007ffe04450000 - 0x00007ffe04570000 	C:\WINDOWS\System32\RPCRT4.dll
0x00007ffe03fd0000 - 0x00007ffe04164000 	C:\WINDOWS\System32\USER32.dll
0x00007ffe032e0000 - 0x00007ffe03301000 	C:\WINDOWS\System32\win32u.dll
0x00007ffe05eb0000 - 0x00007ffe05ed6000 	C:\WINDOWS\System32\GDI32.dll
0x00007ffe03e30000 - 0x00007ffe03fc5000 	C:\WINDOWS\System32\gdi32full.dll
0x00007ffe03a90000 - 0x00007ffe03b2e000 	C:\WINDOWS\System32\msvcp_win.dll
0x00007ffe02ed0000 - 0x00007ffe02fca000 	C:\WINDOWS\System32\ucrtbase.dll
0x00007ffdec5c0000 - 0x00007ffdec844000 	C:\WINDOWS\WinSxS\amd64_microsoft.windows.common-controls_6595b64144ccf1df_6.0.18362.900_none_e6beb9d913147d17\COMCTL32.dll
0x00007ffe05b70000 - 0x00007ffe05ea5000 	C:\WINDOWS\System32\combase.dll
0x00007ffe03b60000 - 0x00007ffe03be0000 	C:\WINDOWS\System32\bcryptPrimitives.dll
0x00007ffe05ae0000 - 0x00007ffe05b0e000 	C:\WINDOWS\System32\IMM32.DLL
0x0000000056910000 - 0x00000000569e2000 	C:\Program Files\Java\jdk1.8.0_131\jre\bin\msvcr100.dll
0x0000000056070000 - 0x000000005690c000 	C:\Program Files\Java\jdk1.8.0_131\jre\bin\server\jvm.dll
0x00007ffe046b0000 - 0x00007ffe046b8000 	C:\WINDOWS\System32\PSAPI.DLL
0x00007ffe012e0000 - 0x00007ffe012e9000 	C:\WINDOWS\SYSTEM32\WSOCK32.dll
0x00007ffe04570000 - 0x00007ffe045df000 	C:\WINDOWS\System32\WS2_32.dll
0x00007ffdf17c0000 - 0x00007ffdf17e4000 	C:\WINDOWS\SYSTEM32\WINMM.dll
0x00007ffdfe0d0000 - 0x00007ffdfe0da000 	C:\WINDOWS\SYSTEM32\VERSION.dll
0x00007ffdf6d90000 - 0x00007ffdf6dbd000 	C:\WINDOWS\SYSTEM32\WINMMBASE.dll
0x00007ffe03be0000 - 0x00007ffe03c2a000 	C:\WINDOWS\System32\cfgmgr32.dll
0x0000000056060000 - 0x000000005606f000 	C:\Program Files\Java\jdk1.8.0_131\jre\bin\verify.dll
0x0000000056030000 - 0x0000000056059000 	C:\Program Files\Java\jdk1.8.0_131\jre\bin\java.dll
0x0000000055fe0000 - 0x0000000055ff6000 	C:\Program Files\Java\jdk1.8.0_131\jre\bin\zip.dll
0x00007ffe04820000 - 0x00007ffe04f06000 	C:\WINDOWS\System32\SHELL32.dll
0x00007ffe05030000 - 0x00007ffe050d9000 	C:\WINDOWS\System32\shcore.dll
0x00007ffe03310000 - 0x00007ffe03a90000 	C:\WINDOWS\System32\windows.storage.dll
0x00007ffe02e80000 - 0x00007ffe02ea3000 	C:\WINDOWS\System32\profapi.dll
0x00007ffe02df0000 - 0x00007ffe02e3a000 	C:\WINDOWS\System32\powrprof.dll
0x00007ffe02de0000 - 0x00007ffe02df0000 	C:\WINDOWS\System32\UMPDC.dll
0x00007ffe054f0000 - 0x00007ffe05542000 	C:\WINDOWS\System32\shlwapi.dll
0x00007ffe02e60000 - 0x00007ffe02e71000 	C:\WINDOWS\System32\kernel.appcore.dll
0x00007ffe02eb0000 - 0x00007ffe02ec7000 	C:\WINDOWS\System32\cryptsp.dll
0x0000000055fb0000 - 0x0000000055fbd000 	C:\Program Files\Java\jdk1.8.0_131\jre\bin\management.dll
0x0000000055fc0000 - 0x0000000055fda000 	C:\Program Files\Java\jdk1.8.0_131\jre\bin\net.dll
0x00007ffe02650000 - 0x00007ffe026b7000 	C:\WINDOWS\system32\mswsock.dll
0x0000000055f90000 - 0x0000000055fa1000 	C:\Program Files\Java\jdk1.8.0_131\jre\bin\nio.dll
0x00007ffdfa2d0000 - 0x00007ffdfa2e6000 	C:\WINDOWS\system32\napinsp.dll
0x00007ffded970000 - 0x00007ffded98a000 	C:\WINDOWS\system32\pnrpnsp.dll
0x00007ffe023a0000 - 0x00007ffe0246b000 	C:\WINDOWS\SYSTEM32\DNSAPI.dll
0x00007ffe059c0000 - 0x00007ffe059c8000 	C:\WINDOWS\System32\NSI.dll
0x00007ffe02360000 - 0x00007ffe0239a000 	C:\WINDOWS\SYSTEM32\IPHLPAPI.DLL
0x00007ffdfd180000 - 0x00007ffdfd18e000 	C:\WINDOWS\System32\winrnr.dll
0x00007ffdfbb70000 - 0x00007ffdfbb8c000 	C:\WINDOWS\system32\NLAapi.dll
0x00007ffdfe570000 - 0x00007ffdfe585000 	C:\WINDOWS\system32\wshbth.dll
0x00007ffdf9260000 - 0x00007ffdf926a000 	C:\Windows\System32\rasadhlp.dll
0x00007ffdf9a50000 - 0x00007ffdf9ac7000 	C:\WINDOWS\System32\fwpuclnt.dll
0x00007ffe03b30000 - 0x00007ffe03b56000 	C:\WINDOWS\System32\bcrypt.dll
0x00007ffe021c0000 - 0x00007ffe021f3000 	C:\WINDOWS\system32\rsaenh.dll
0x00007ffe02cd0000 - 0x00007ffe02cf5000 	C:\WINDOWS\SYSTEM32\USERENV.dll
0x00007ffe02820000 - 0x00007ffe0282c000 	C:\WINDOWS\SYSTEM32\CRYPTBASE.dll
0x00007ffdfa760000 - 0x00007ffdfa776000 	C:\WINDOWS\SYSTEM32\dhcpcsvc6.DLL
0x00007ffdfa6f0000 - 0x00007ffdfa70c000 	C:\WINDOWS\SYSTEM32\dhcpcsvc.DLL
0x0000000055f60000 - 0x0000000055f84000 	C:\Program Files\Java\jdk1.8.0_131\jre\bin\sunec.dll
0x0000000055f50000 - 0x0000000055f5b000 	C:\Program Files\Java\jdk1.8.0_131\jre\bin\sunmscapi.dll
0x00007ffe03ce0000 - 0x00007ffe03e29000 	C:\WINDOWS\System32\CRYPT32.dll
0x00007ffe02e40000 - 0x00007ffe02e52000 	C:\WINDOWS\System32\MSASN1.dll

VM Arguments:
java_command: C:\Users\1\AppData\Local\Temp\surefire5760027674080167208\surefirebooter6741260889506643743.jar C:\Users\1\AppData\Local\Temp\surefire5760027674080167208 2020-07-01T20-50-34_580-jvmRun1 surefire742967695089969934tmp surefire_05174105060047799549tmp
java_class_path (initial): C:\Users\1\AppData\Local\Temp\surefire5760027674080167208\surefirebooter6741260889506643743.jar
Launcher Type: SUN_STANDARD

Environment Variables:
PATH=C:\ProgramData\Oracle\Java\javapath;C:\Program Files (x86)\Intel\iCLS Client\;C:\Program Files\Intel\iCLS Client\;C:\Windows\system32;C:\Windows;C:\Windows\System32\Wbem;C:\Windows\System32\WindowsPowerShell\v1.0\;C:\Program Files (x86)\NVIDIA Corporation\PhysX\Common;C:\Program Files (x86)\Intel\Intel(R) Management Engine Components\DAL;C:\Program Files\Intel\Intel(R) Management Engine Components\DAL;C:\Program Files (x86)\Intel\Intel(R) Management Engine Components\IPT;C:\Program Files\Intel\Intel(R) Management Engine Components\IPT;C:\WINDOWS\system32;C:\WINDOWS;C:\WINDOWS\System32\Wbem;C:\WINDOWS\System32\WindowsPowerShell\v1.0\;C:\WINDOWS\System32\OpenSSH\;C:\Program Files (x86)\GtkSharp\2.12\bin;C:\Program Files\dotnet\;C:\Program Files\Microsoft SQL Server\130\Tools\Binn\;C:\Program Files\MySQL\MySQL Server 8.0\bin;D:\Git\cmd;D:\Node\;D:\cocos\Cocos2d-x\Cocos2d-x-3.10\templates;D:\cocos\Cocos2d-x\Cocos2d-x-3.10\tools\cocos2d-console\bin;C:\Users\1\AppData\Local\Microsoft\WindowsApps;;D:\IDEA 2019.3.3\IntelliJ IDEA 2019.3.3\bin;;C:\Users\1\AppData\Roaming\npm
USERNAME=princess
OS=Windows_NT
PROCESSOR_IDENTIFIER=Intel64 Family 6 Model 142 Stepping 10, GenuineIntel



---------------  S Y S T E M  ---------------

OS: Windows 10.0 , 64 bit Build 18362 (10.0.18362.900)

CPU:total 8 (initial active 8) (4 cores per cpu, 2 threads per core) family 6 model 142 stepping 10, cmov, cx8, fxsr, mmx, sse, sse2, sse3, ssse3, sse4.1, sse4.2, popcnt, avx, avx2, aes, clmul, erms, 3dnowpref, lzcnt, ht, tsc, tscinvbit, bmi1, bmi2, adx

Memory: 4k page, physical 8260324k(94876k free), swap 21434208k(36248k free)

vm_info: Java HotSpot(TM) 64-Bit Server VM (25.131-b11) for windows-amd64 JRE (1.8.0_131-b11), built on Mar 15 2017 01:23:53 by "java_re" with MS VC++ 10.0 (VS2010)

time: Wed Jul 01 20:51:37 2020
elapsed time: 61 seconds (0d 0h 1m 1s)

